<?xml version="1.0" encoding="UTF-8"?>
<testsuite xmlns:xsi="http://www.w3.org/2001/XMLSchema-instance" xsi:noNamespaceSchemaLocation="https://maven.apache.org/surefire/maven-surefire-plugin/xsd/surefire-test-report-3.0.xsd" version="3.0" name="org.core.java.TestCsgJavaApp" time="0.767" tests="20" errors="0" skipped="0" failures="0">
  <properties>
    <property name="java.specification.version" value="21"/>
    <property name="sun.jnu.encoding" value="UTF-8"/>
    <property name="java.class.path" value="/home/altug/git/csgi-core-java/target/test-classes:/home/altug/git/csgi-core-java/target/classes:/home/altug/.m2/repository/org/apache/logging/log4j/log4j-slf4j2-impl/2.23.1/log4j-slf4j2-impl-2.23.1.jar:/home/altug/.m2/repository/org/apache/logging/log4j/log4j-api/2.23.1/log4j-api-2.23.1.jar:/home/altug/.m2/repository/org/slf4j/slf4j-api/2.0.9/slf4j-api-2.0.9.jar:/home/altug/.m2/repository/org/apache/logging/log4j/log4j-core/2.23.1/log4j-core-2.23.1.jar:/home/altug/.m2/repository/org/junit/jupiter/junit-jupiter/5.10.2/junit-jupiter-5.10.2.jar:/home/altug/.m2/repository/org/junit/jupiter/junit-jupiter-api/5.10.2/junit-jupiter-api-5.10.2.jar:/home/altug/.m2/repository/org/opentest4j/opentest4j/1.3.0/opentest4j-1.3.0.jar:/home/altug/.m2/repository/org/junit/platform/junit-platform-commons/1.10.2/junit-platform-commons-1.10.2.jar:/home/altug/.m2/repository/org/apiguardian/apiguardian-api/1.1.2/apiguardian-api-1.1.2.jar:/home/altug/.m2/repository/org/junit/jupiter/junit-jupiter-params/5.10.2/junit-jupiter-params-5.10.2.jar:/home/altug/.m2/repository/org/junit/jupiter/junit-jupiter-engine/5.10.2/junit-jupiter-engine-5.10.2.jar:/home/altug/.m2/repository/org/junit/platform/junit-platform-engine/1.10.2/junit-platform-engine-1.10.2.jar:"/>
    <property name="java.vm.vendor" value="Ubuntu"/>
    <property name="sun.arch.data.model" value="64"/>
    <property name="java.vendor.url" value="https://ubuntu.com/"/>
    <property name="user.timezone" value="Australia/Melbourne"/>
    <property name="os.name" value="Linux"/>
    <property name="java.vm.specification.version" value="21"/>
    <property name="sun.java.launcher" value="SUN_STANDARD"/>
    <property name="user.country" value="AU"/>
    <property name="sun.boot.library.path" value="/usr/lib/jvm/java-21-openjdk-amd64/lib"/>
    <property name="sun.java.command" value="/home/altug/git/csgi-core-java/target/surefire/surefirebooter-20250701134603136_3.jar /home/altug/git/csgi-core-java/target/surefire 2025-07-01T13-46-03_062-jvmRun1 surefire-20250701134603136_1tmp surefire_0-20250701134603136_2tmp"/>
    <property name="jdk.debug" value="release"/>
    <property name="surefire.test.class.path" value="/home/altug/git/csgi-core-java/target/test-classes:/home/altug/git/csgi-core-java/target/classes:/home/altug/.m2/repository/org/apache/logging/log4j/log4j-slf4j2-impl/2.23.1/log4j-slf4j2-impl-2.23.1.jar:/home/altug/.m2/repository/org/apache/logging/log4j/log4j-api/2.23.1/log4j-api-2.23.1.jar:/home/altug/.m2/repository/org/slf4j/slf4j-api/2.0.9/slf4j-api-2.0.9.jar:/home/altug/.m2/repository/org/apache/logging/log4j/log4j-core/2.23.1/log4j-core-2.23.1.jar:/home/altug/.m2/repository/org/junit/jupiter/junit-jupiter/5.10.2/junit-jupiter-5.10.2.jar:/home/altug/.m2/repository/org/junit/jupiter/junit-jupiter-api/5.10.2/junit-jupiter-api-5.10.2.jar:/home/altug/.m2/repository/org/opentest4j/opentest4j/1.3.0/opentest4j-1.3.0.jar:/home/altug/.m2/repository/org/junit/platform/junit-platform-commons/1.10.2/junit-platform-commons-1.10.2.jar:/home/altug/.m2/repository/org/apiguardian/apiguardian-api/1.1.2/apiguardian-api-1.1.2.jar:/home/altug/.m2/repository/org/junit/jupiter/junit-jupiter-params/5.10.2/junit-jupiter-params-5.10.2.jar:/home/altug/.m2/repository/org/junit/jupiter/junit-jupiter-engine/5.10.2/junit-jupiter-engine-5.10.2.jar:/home/altug/.m2/repository/org/junit/platform/junit-platform-engine/1.10.2/junit-platform-engine-1.10.2.jar:"/>
    <property name="sun.cpu.endian" value="little"/>
    <property name="user.home" value="/home/altug"/>
    <property name="user.language" value="en"/>
    <property name="java.specification.vendor" value="Oracle Corporation"/>
    <property name="java.version.date" value="2025-04-15"/>
    <property name="java.home" value="/usr/lib/jvm/java-21-openjdk-amd64"/>
    <property name="file.separator" value="/"/>
    <property name="basedir" value="/home/altug/git/csgi-core-java"/>
    <property name="style.color" value="always"/>
    <property name="java.vm.compressedOopsMode" value="32-bit"/>
    <property name="line.separator" value="&#10;"/>
    <property name="java.specification.name" value="Java Platform API Specification"/>
    <property name="java.vm.specification.vendor" value="Oracle Corporation"/>
    <property name="surefire.real.class.path" value="/home/altug/git/csgi-core-java/target/surefire/surefirebooter-20250701134603136_3.jar"/>
    <property name="sun.management.compiler" value="HotSpot 64-Bit Tiered Compilers"/>
    <property name="java.runtime.version" value="21.0.7+6-Ubuntu-0ubuntu124.04"/>
    <property name="user.name" value="altug"/>
    <property name="stdout.encoding" value="UTF-8"/>
    <property name="path.separator" value=":"/>
    <property name="os.version" value="6.8.0-62-generic"/>
    <property name="java.runtime.name" value="OpenJDK Runtime Environment"/>
    <property name="file.encoding" value="UTF-8"/>
    <property name="java.vm.name" value="OpenJDK 64-Bit Server VM"/>
    <property name="localRepository" value="/home/altug/.m2/repository"/>
    <property name="java.vendor.url.bug" value="https://bugs.launchpad.net/ubuntu/+source/openjdk-21"/>
    <property name="java.io.tmpdir" value="/tmp"/>
    <property name="java.version" value="21.0.7"/>
    <property name="user.dir" value="/home/altug/git/csgi-core-java"/>
    <property name="os.arch" value="amd64"/>
    <property name="java.vm.specification.name" value="Java Virtual Machine Specification"/>
    <property name="native.encoding" value="UTF-8"/>
    <property name="java.library.path" value="/usr/java/packages/lib:/usr/lib/x86_64-linux-gnu/jni:/lib/x86_64-linux-gnu:/usr/lib/x86_64-linux-gnu:/usr/lib/jni:/lib:/usr/lib"/>
    <property name="java.vm.info" value="mixed mode, sharing"/>
    <property name="stderr.encoding" value="UTF-8"/>
    <property name="java.vendor" value="Ubuntu"/>
    <property name="java.vm.version" value="21.0.7+6-Ubuntu-0ubuntu124.04"/>
    <property name="sun.io.unicode.encoding" value="UnicodeLittle"/>
    <property name="java.class.version" value="65.0"/>
  </properties>
  <testcase name="invalid_args_exception" classname="org.core.java.TestCsgJavaApp" time="0.358">
    <system-out><![CDATA[13:46:03.881 [main] INFO  org.core.java.CsgJavaApp - Search system started with: [] 
]]></system-out>
  </testcase>
  <testcase name="invalid_args_rule_two_only_support_not_zero_digits_for_filter" classname="org.core.java.TestCsgJavaApp" time="0.003">
    <system-out><![CDATA[13:46:03.892 [main] INFO  org.core.java.CsgJavaApp - Search system started with: [fileName.txt, m, 0] 
]]></system-out>
  </testcase>
  <testcase name="valid_args_test_data_mid_csv" classname="org.core.java.TestCsgJavaApp" time="0.011"/>
  <testcase name="valid_args_test_data_large1" classname="org.core.java.TestCsgJavaApp" time="0.235"/>
  <testcase name="valid_args_test_data_large2" classname="org.core.java.TestCsgJavaApp" time="0.096"/>
  <testcase name="invalid_args_rule_one_only_support_one_charter_for_count" classname="org.core.java.TestCsgJavaApp" time="0.002">
    <system-out><![CDATA[13:46:04.239 [main] INFO  org.core.java.CsgJavaApp - Search system started with: [fileName.txt, mX, 5] 
]]></system-out>
  </testcase>
  <testcase name="valid_args_test_data_small_1" classname="org.core.java.TestCsgJavaApp" time="0.002"/>
  <testcase name="valid_args_test_data_small_2" classname="org.core.java.TestCsgJavaApp" time="0.001"/>
  <testcase name="valid_args_test_data_small_3" classname="org.core.java.TestCsgJavaApp" time="0.001"/>
  <testcase name="invalid_args_rule_two_only_support_no_more_than_100_for_filter" classname="org.core.java.TestCsgJavaApp" time="0.001">
    <system-out><![CDATA[13:46:04.247 [main] INFO  org.core.java.CsgJavaApp - Search system started with: [fileName.txt, m, 100] 
]]></system-out>
  </testcase>
  <testcase name="invalid_args_rule_two_only_support_digits_for_filter" classname="org.core.java.TestCsgJavaApp" time="0.001">
    <system-out><![CDATA[13:46:04.249 [main] INFO  org.core.java.CsgJavaApp - Search system started with: [fileName.txt, m, dummy] 
]]></system-out>
  </testcase>
  <testcase name="invalid_args_rule_one_only_support_a_charter_for_count" classname="org.core.java.TestCsgJavaApp" time="0.001">
    <system-out><![CDATA[13:46:04.251 [main] INFO  org.core.java.CsgJavaApp - Search system started with: [fileName.txt, 12, 5] 
]]></system-out>
  </testcase>
  <testcase name="valid_args_test_end_to_end" classname="org.core.java.TestCsgJavaApp" time="0.002">
    <system-out><![CDATA[13:46:04.253 [main] INFO  org.core.java.CsgJavaApp - Search system started with: [menu.json, i, 1] 
13:46:04.253 [main] INFO  org.core.java.CsgJavaApp - Rule1: Total number of words that start with 'i': 26
13:46:04.253 [main] INFO  org.core.java.CsgJavaApp - Rule2: Number of words longer than 1 characters: 24
13:46:04.254 [main] INFO  org.core.java.CsgJavaApp - Rule2: All words longer than 1 characters: [batter, batters, Regular, Old, Cake, Chocolate, Devils, Powdered, type, Raised, Sprinkles, with, ppu, Blueberry, donut, name, Glazed, id, topping, None, Sugar, Food, Maple, Fashioned]
]]></system-out>
  </testcase>
  <testcase name="valid_args_test_data_mid_json" classname="org.core.java.TestCsgJavaApp" time="0.002"/>
  <testcase name="invalid_args_file_not_found_exception" classname="org.core.java.TestCsgJavaApp" time="0.002">
    <system-out><![CDATA[13:46:04.257 [main] INFO  org.core.java.CsgJavaApp - Search system started with: [NotAFile.txt, m, 5] 
13:46:04.258 [main] ERROR org.core.java.file.FileByteStream - FileNotFoundExceptionFiles/NotAFile.txt (No such file or directory)
]]></system-out>
  </testcase>
  <testcase name="class_cast_exception" classname="org.core.java.TestCsgJavaApp" time="0.003"/>
  <testcase name="valid_args_test_data_small" classname="org.core.java.TestCsgJavaApp" time="0.01"/>
  <testcase name="invalid_args_file_extension_is_not_valid_exception" classname="org.core.java.TestCsgJavaApp" time="0.001">
    <system-out><![CDATA[13:46:04.275 [main] INFO  org.core.java.CsgJavaApp - Search system started with: [NofileName.txt., m, 5] 
]]></system-out>
  </testcase>
  <testcase name="invalid_args_file_extension_is_not_supported_exception" classname="org.core.java.TestCsgJavaApp" time="0.002">
    <system-out><![CDATA[13:46:04.276 [main] INFO  org.core.java.CsgJavaApp - Search system started with: [NofileName.java, m, 5] 
]]></system-out>
  </testcase>
  <testcase name="invalid_args_rule_two_only_support_postivie_digits_for_filter" classname="org.core.java.TestCsgJavaApp" time="0.001">
    <system-out><![CDATA[13:46:04.278 [main] INFO  org.core.java.CsgJavaApp - Search system started with: [fileName.txt, m, -1] 
]]></system-out>
  </testcase>
</testsuite>